<?xml version="1.0" encoding="UTF-8"?>
<testng-results retried="1" ignored="0" total="5" passed="3" failed="1" skipped="0">
  <reporter-output>
  </reporter-output>
  <suite started-at="2024-08-11T13:48:35 IST" name="Suite" finished-at="2024-08-11T13:49:14 IST" duration-ms="39219">
    <groups>
      <group name="Purchase">
        <method signature="StandAloneTest.standAlone(java.util.HashMap)[pri:0, instance:FrameworkTest.FrameworkTest.StandAloneTest@1e461e41]" name="standAlone" class="FrameworkTest.FrameworkTest.StandAloneTest"/>
      </group> <!-- Purchase -->
      <group name="errorHandling">
        <method signature="SubmitOrder.standAlone()[pri:0, instance:FrameworkTest.FrameworkTest.SubmitOrder@68b32e3e]" name="standAlone" class="FrameworkTest.FrameworkTest.SubmitOrder"/>
      </group> <!-- errorHandling -->
    </groups>
    <test started-at="2024-08-11T13:48:35 IST" name="StandAloneTest Test" finished-at="2024-08-11T13:49:04 IST" duration-ms="28889">
      <class name="FrameworkTest.FrameworkTest.StandAloneTest">
        <test-method is-config="true" signature="launchApplication()[pri:0, instance:FrameworkTest.FrameworkTest.StandAloneTest@1e461e41]" started-at="2024-08-11T13:48:35 IST" name="launchApplication" finished-at="2024-08-11T13:48:40 IST" duration-ms="5099" status="PASS">
          <reporter-output>
          </reporter-output>
        </test-method> <!-- launchApplication -->
        <test-method signature="standAlone(java.util.HashMap)[pri:0, instance:FrameworkTest.FrameworkTest.StandAloneTest@1e461e41]" started-at="2024-08-11T13:48:40 IST" name="standAlone" data-provider="getData" finished-at="2024-08-11T13:48:48 IST" duration-ms="7283" status="PASS">
          <params>
            <param index="0">
              <value>
                <![CDATA[{password=Avankia@11, productToBeAdded=ZARA COAT 3, email=shiva11@gmail.com}]]>
              </value>
            </param>
          </params>
          <reporter-output>
          </reporter-output>
        </test-method> <!-- standAlone -->
        <test-method is-config="true" signature="tearDown()[pri:0, instance:FrameworkTest.FrameworkTest.StandAloneTest@1e461e41]" started-at="2024-08-11T13:48:48 IST" name="tearDown" finished-at="2024-08-11T13:48:48 IST" duration-ms="122" status="PASS">
          <reporter-output>
          </reporter-output>
        </test-method> <!-- tearDown -->
        <test-method is-config="true" signature="launchApplication()[pri:0, instance:FrameworkTest.FrameworkTest.StandAloneTest@1e461e41]" started-at="2024-08-11T13:48:48 IST" name="launchApplication" finished-at="2024-08-11T13:48:51 IST" duration-ms="2866" status="PASS">
          <reporter-output>
          </reporter-output>
        </test-method> <!-- launchApplication -->
        <test-method signature="standAlone(java.util.HashMap)[pri:0, instance:FrameworkTest.FrameworkTest.StandAloneTest@1e461e41]" started-at="2024-08-11T13:48:51 IST" name="standAlone" data-provider="getData" finished-at="2024-08-11T13:48:57 IST" duration-ms="6928" status="PASS">
          <params>
            <param index="0">
              <value>
                <![CDATA[{password=Avankia@11, productToBeAdded=ZARA COAT 3, email=shiva22@gmail.com}]]>
              </value>
            </param>
          </params>
          <reporter-output>
          </reporter-output>
        </test-method> <!-- standAlone -->
        <test-method is-config="true" signature="tearDown()[pri:0, instance:FrameworkTest.FrameworkTest.StandAloneTest@1e461e41]" started-at="2024-08-11T13:48:57 IST" name="tearDown" finished-at="2024-08-11T13:48:58 IST" duration-ms="146" status="PASS">
          <reporter-output>
          </reporter-output>
        </test-method> <!-- tearDown -->
        <test-method is-config="true" signature="launchApplication()[pri:0, instance:FrameworkTest.FrameworkTest.StandAloneTest@1e461e41]" started-at="2024-08-11T13:48:58 IST" name="launchApplication" finished-at="2024-08-11T13:49:03 IST" duration-ms="4887" status="PASS">
          <reporter-output>
          </reporter-output>
        </test-method> <!-- launchApplication -->
        <test-method signature="orderHistoryTest()[pri:0, instance:FrameworkTest.FrameworkTest.StandAloneTest@1e461e41]" started-at="2024-08-11T13:49:03 IST" name="orderHistoryTest" finished-at="2024-08-11T13:49:04 IST" depends-on-methods="FrameworkTest.FrameworkTest.StandAloneTest.standAlone" duration-ms="1144" status="PASS">
          <reporter-output>
          </reporter-output>
        </test-method> <!-- orderHistoryTest -->
        <test-method is-config="true" signature="tearDown()[pri:0, instance:FrameworkTest.FrameworkTest.StandAloneTest@1e461e41]" started-at="2024-08-11T13:49:04 IST" name="tearDown" finished-at="2024-08-11T13:49:04 IST" duration-ms="123" status="PASS">
          <reporter-output>
          </reporter-output>
        </test-method> <!-- tearDown -->
      </class> <!-- FrameworkTest.FrameworkTest.StandAloneTest -->
    </test> <!-- StandAloneTest Test -->
    <test started-at="2024-08-11T13:49:04 IST" name="SubmitOrder Test" finished-at="2024-08-11T13:49:14 IST" duration-ms="9797">
      <class name="FrameworkTest.FrameworkTest.SubmitOrder">
        <test-method is-config="true" signature="launchApplication()[pri:0, instance:FrameworkTest.FrameworkTest.SubmitOrder@68b32e3e]" started-at="2024-08-11T13:49:04 IST" name="launchApplication" finished-at="2024-08-11T13:49:08 IST" duration-ms="4043" status="PASS">
          <reporter-output>
          </reporter-output>
        </test-method> <!-- launchApplication -->
        <test-method retried="true" signature="standAlone()[pri:0, instance:FrameworkTest.FrameworkTest.SubmitOrder@68b32e3e]" started-at="2024-08-11T13:49:08 IST" name="standAlone" finished-at="2024-08-11T13:49:09 IST" duration-ms="1002" status="SKIP">
          <exception class="java.lang.AssertionError">
            <message>
              <![CDATA[expected [Incorrect email or password.] but found [Incorrect 1email or password.]]]>
            </message>
            <full-stacktrace>
              <![CDATA[java.lang.AssertionError: expected [Incorrect email or password.] but found [Incorrect 1email or password.]
at org.testng.Assert.fail(Assert.java:99)
at org.testng.Assert.failNotEquals(Assert.java:1037)
at org.testng.Assert.assertEqualsImpl(Assert.java:140)
at org.testng.Assert.assertEquals(Assert.java:122)
at org.testng.Assert.assertEquals(Assert.java:629)
at org.testng.Assert.assertEquals(Assert.java:639)
at FrameworkTest.FrameworkTest.SubmitOrder.standAlone(SubmitOrder.java:26)
at java.base/jdk.internal.reflect.NativeMethodAccessorImpl.invoke0(Native Method)
at java.base/jdk.internal.reflect.NativeMethodAccessorImpl.invoke(NativeMethodAccessorImpl.java:62)
at java.base/jdk.internal.reflect.DelegatingMethodAccessorImpl.invoke(DelegatingMethodAccessorImpl.java:43)
at java.base/java.lang.reflect.Method.invoke(Method.java:566)
at org.testng.internal.MethodInvocationHelper.invokeMethod(MethodInvocationHelper.java:133)
at org.testng.internal.TestInvoker.invokeMethod(TestInvoker.java:598)
at org.testng.internal.TestInvoker.invokeTestMethod(TestInvoker.java:173)
at org.testng.internal.MethodRunner.runInSequence(MethodRunner.java:46)
at org.testng.internal.TestInvoker$MethodInvocationAgent.invoke(TestInvoker.java:824)
at org.testng.internal.TestInvoker.invokeTestMethods(TestInvoker.java:146)
at org.testng.internal.TestMethodWorker.invokeTestMethods(TestMethodWorker.java:146)
at org.testng.internal.TestMethodWorker.run(TestMethodWorker.java:128)
at java.base/java.util.ArrayList.forEach(ArrayList.java:1541)
at org.testng.TestRunner.privateRun(TestRunner.java:794)
at org.testng.TestRunner.run(TestRunner.java:596)
at org.testng.SuiteRunner.runTest(SuiteRunner.java:377)
at org.testng.SuiteRunner.runSequentially(SuiteRunner.java:371)
at org.testng.SuiteRunner.privateRun(SuiteRunner.java:332)
at org.testng.SuiteRunner.run(SuiteRunner.java:276)
at org.testng.SuiteRunnerWorker.runSuite(SuiteRunnerWorker.java:53)
at org.testng.SuiteRunnerWorker.run(SuiteRunnerWorker.java:96)
at org.testng.TestNG.runSuitesSequentially(TestNG.java:1212)
at org.testng.TestNG.runSuitesLocally(TestNG.java:1134)
at org.testng.TestNG.runSuites(TestNG.java:1063)
at org.testng.TestNG.run(TestNG.java:1031)
at org.testng.remote.AbstractRemoteTestNG.run(AbstractRemoteTestNG.java:115)
at org.testng.remote.RemoteTestNG.initAndRun(RemoteTestNG.java:293)
at org.testng.remote.RemoteTestNG.main(RemoteTestNG.java:91)
]]>
            </full-stacktrace>
          </exception> <!-- java.lang.AssertionError -->
          <reporter-output>
          </reporter-output>
        </test-method> <!-- standAlone -->
        <test-method is-config="true" signature="tearDown()[pri:0, instance:FrameworkTest.FrameworkTest.SubmitOrder@68b32e3e]" started-at="2024-08-11T13:49:09 IST" name="tearDown" finished-at="2024-08-11T13:49:10 IST" duration-ms="126" status="PASS">
          <reporter-output>
          </reporter-output>
        </test-method> <!-- tearDown -->
        <test-method is-config="true" signature="launchApplication()[pri:0, instance:FrameworkTest.FrameworkTest.SubmitOrder@68b32e3e]" started-at="2024-08-11T13:49:10 IST" name="launchApplication" finished-at="2024-08-11T13:49:13 IST" duration-ms="3144" status="PASS">
          <reporter-output>
          </reporter-output>
        </test-method> <!-- launchApplication -->
        <test-method signature="standAlone()[pri:0, instance:FrameworkTest.FrameworkTest.SubmitOrder@68b32e3e]" started-at="2024-08-11T13:49:13 IST" name="standAlone" finished-at="2024-08-11T13:49:14 IST" duration-ms="1009" status="FAIL">
          <exception class="java.lang.AssertionError">
            <message>
              <![CDATA[expected [Incorrect email or password.] but found [Incorrect 1email or password.]]]>
            </message>
            <full-stacktrace>
              <![CDATA[java.lang.AssertionError: expected [Incorrect email or password.] but found [Incorrect 1email or password.]
at org.testng.Assert.fail(Assert.java:99)
at org.testng.Assert.failNotEquals(Assert.java:1037)
at org.testng.Assert.assertEqualsImpl(Assert.java:140)
at org.testng.Assert.assertEquals(Assert.java:122)
at org.testng.Assert.assertEquals(Assert.java:629)
at org.testng.Assert.assertEquals(Assert.java:639)
at FrameworkTest.FrameworkTest.SubmitOrder.standAlone(SubmitOrder.java:26)
at java.base/jdk.internal.reflect.NativeMethodAccessorImpl.invoke0(Native Method)
at java.base/jdk.internal.reflect.NativeMethodAccessorImpl.invoke(NativeMethodAccessorImpl.java:62)
at java.base/jdk.internal.reflect.DelegatingMethodAccessorImpl.invoke(DelegatingMethodAccessorImpl.java:43)
at java.base/java.lang.reflect.Method.invoke(Method.java:566)
at org.testng.internal.MethodInvocationHelper.invokeMethod(MethodInvocationHelper.java:133)
at org.testng.internal.TestInvoker.invokeMethod(TestInvoker.java:598)
at org.testng.internal.TestInvoker.retryFailed(TestInvoker.java:213)
at org.testng.internal.MethodRunner.runInSequence(MethodRunner.java:58)
at org.testng.internal.TestInvoker$MethodInvocationAgent.invoke(TestInvoker.java:824)
at org.testng.internal.TestInvoker.invokeTestMethods(TestInvoker.java:146)
at org.testng.internal.TestMethodWorker.invokeTestMethods(TestMethodWorker.java:146)
at org.testng.internal.TestMethodWorker.run(TestMethodWorker.java:128)
at java.base/java.util.ArrayList.forEach(ArrayList.java:1541)
at org.testng.TestRunner.privateRun(TestRunner.java:794)
at org.testng.TestRunner.run(TestRunner.java:596)
at org.testng.SuiteRunner.runTest(SuiteRunner.java:377)
at org.testng.SuiteRunner.runSequentially(SuiteRunner.java:371)
at org.testng.SuiteRunner.privateRun(SuiteRunner.java:332)
at org.testng.SuiteRunner.run(SuiteRunner.java:276)
at org.testng.SuiteRunnerWorker.runSuite(SuiteRunnerWorker.java:53)
at org.testng.SuiteRunnerWorker.run(SuiteRunnerWorker.java:96)
at org.testng.TestNG.runSuitesSequentially(TestNG.java:1212)
at org.testng.TestNG.runSuitesLocally(TestNG.java:1134)
at org.testng.TestNG.runSuites(TestNG.java:1063)
at org.testng.TestNG.run(TestNG.java:1031)
at org.testng.remote.AbstractRemoteTestNG.run(AbstractRemoteTestNG.java:115)
at org.testng.remote.RemoteTestNG.initAndRun(RemoteTestNG.java:293)
at org.testng.remote.RemoteTestNG.main(RemoteTestNG.java:91)
]]>
            </full-stacktrace>
          </exception> <!-- java.lang.AssertionError -->
          <reporter-output>
          </reporter-output>
        </test-method> <!-- standAlone -->
        <test-method is-config="true" signature="tearDown()[pri:0, instance:FrameworkTest.FrameworkTest.SubmitOrder@68b32e3e]" started-at="2024-08-11T13:49:14 IST" name="tearDown" finished-at="2024-08-11T13:49:14 IST" duration-ms="131" status="PASS">
          <reporter-output>
          </reporter-output>
        </test-method> <!-- tearDown -->
      </class> <!-- FrameworkTest.FrameworkTest.SubmitOrder -->
    </test> <!-- SubmitOrder Test -->
  </suite> <!-- Suite -->
</testng-results>
